# JRE version: Java(TM) SE Runtime Environment (9.0+11) (build 9.0.4+11)
# Java VM: Java HotSpot(TM) 64-Bit Server VM (9.0.4+11, mixed mode, tiered, compressed oops, g1 gc, windows-amd64)
Heap:
 garbage-first heap   total 189440K, used 99947K [0x0000000700000000, 0x00000007001005c8, 0x00000007c0000000)
  region size 1024K, 26 young (26624K), 1 survivors (1024K)
 Metaspace       used 84720K, capacity 88311K, committed 91036K, reserved 1128448K
  class space    used 10931K, capacity 11590K, committed 12188K, reserved 1048576K
GC Heap History (10 events):
Event: 6918.223 GC heap before
{Heap before GC invocations=695 (full 222):
 garbage-first heap   total 189440K, used 135574K [0x0000000700000000, 0x00000007001005c8, 0x00000007c0000000)
  region size 1024K, 60 young (61440K), 1 survivors (1024K)
 Metaspace       used 84690K, capacity 88311K, committed 91036K, reserved 1128448K
  class space    used 10931K, capacity 11590K, committed 12188K, reserved 1048576K
}
Event: 6918.224 GC heap after
{Heap after GC invocations=696 (full 222):
 garbage-first heap   total 189440K, used 75075K [0x0000000700000000, 0x00000007001005c8, 0x00000007c0000000)
  region size 1024K, 1 young (1024K), 1 survivors (1024K)
 Metaspace       used 84690K, capacity 88311K, committed 91036K, reserved 1128448K
  class space    used 10931K, capacity 11590K, committed 12188K, reserved 1048576K
}
Event: 6919.002 GC heap before
{Heap before GC invocations=696 (full 222):
 garbage-first heap   total 189440K, used 135491K [0x0000000700000000, 0x00000007001005c8, 0x00000007c0000000)
  region size 1024K, 60 young (61440K), 1 survivors (1024K)
 Metaspace       used 84691K, capacity 88311K, committed 91036K, reserved 1128448K
  class space    used 10931K, capacity 11590K, committed 12188K, reserved 1048576K
}
Event: 6919.003 GC heap after
{Heap after GC invocations=697 (full 222):
 garbage-first heap   total 189440K, used 75265K [0x0000000700000000, 0x00000007001005c8, 0x00000007c0000000)
  region size 1024K, 1 young (1024K), 1 survivors (1024K)
 Metaspace       used 84691K, capacity 88311K, committed 91036K, reserved 1128448K
  class space    used 10931K, capacity 11590K, committed 12188K, reserved 1048576K
}
Event: 6920.403 GC heap before
{Heap before GC invocations=697 (full 222):
 garbage-first heap   total 189440K, used 135681K [0x0000000700000000, 0x00000007001005c8, 0x00000007c0000000)
  region size 1024K, 60 young (61440K), 1 survivors (1024K)
 Metaspace       used 84706K, capacity 88311K, committed 91036K, reserved 1128448K
  class space    used 10931K, capacity 11590K, committed 12188K, reserved 1048576K
}
Event: 6920.405 GC heap after
{Heap after GC invocations=698 (full 222):
 garbage-first heap   total 189440K, used 75223K [0x0000000700000000, 0x00000007001005c8, 0x00000007c0000000)
  region size 1024K, 1 young (1024K), 1 survivors (1024K)
 Metaspace       used 84706K, capacity 88311K, committed 91036K, reserved 1128448K
  class space    used 10931K, capacity 11590K, committed 12188K, reserved 1048576K
}
Event: 6923.126 GC heap before
{Heap before GC invocations=698 (full 222):
 garbage-first heap   total 189440K, used 135639K [0x0000000700000000, 0x00000007001005c8, 0x00000007c0000000)
  region size 1024K, 60 young (61440K), 1 survivors (1024K)
 Metaspace       used 84711K, capacity 88311K, committed 91036K, reserved 1128448K
  class space    used 10931K, capacity 11590K, committed 12188K, reserved 1048576K
}
Event: 6923.128 GC heap after
{Heap after GC invocations=699 (full 222):
 garbage-first heap   total 189440K, used 75367K [0x0000000700000000, 0x00000007001005c8, 0x00000007c0000000)
  region size 1024K, 1 young (1024K), 1 survivors (1024K)
 Metaspace       used 84711K, capacity 88311K, committed 91036K, reserved 1128448K
  class space    used 10931K, capacity 11590K, committed 12188K, reserved 1048576K
}
Event: 6924.338 GC heap before
{Heap before GC invocations=699 (full 222):
 garbage-first heap   total 189440K, used 135783K [0x0000000700000000, 0x00000007001005c8, 0x00000007c0000000)
  region size 1024K, 60 young (61440K), 1 survivors (1024K)
 Metaspace       used 84719K, capacity 88311K, committed 91036K, reserved 1128448K
  class space    used 10931K, capacity 11590K, committed 12188K, reserved 1048576K
}
Event: 6924.340 GC heap after
{Heap after GC invocations=700 (full 222):
 garbage-first heap   total 189440K, used 75371K [0x0000000700000000, 0x00000007001005c8, 0x00000007c0000000)
  region size 1024K, 1 young (1024K), 1 survivors (1024K)
 Metaspace       used 84719K, capacity 88311K, committed 91036K, reserved 1128448K
  class space    used 10931K, capacity 11590K, committed 12188K, reserved 1048576K
}

